;  LST file generated by mikroListExporter - v.2.0 
; Date/Time: 27/10/2020 22:12:46
;----------------------------------------------

;Address Opcode 	ASM
0x0000	0x285B      	GOTO       91
_____DoICP:
;__Lib_System.c,6 :: 		
;__Lib_System.c,9 :: 		
0x0003	0x1283      	BCF        STATUS, 5
0x0004	0x1303      	BCF        STATUS, 6
0x0005	0x0825      	MOVF       ___DoICPAddr+1, 0
0x0006	0x008A      	MOVWF      PCLATH
;__Lib_System.c,10 :: 		
0x0007	0x0824      	MOVF       ___DoICPAddr, 0
0x0008	0x0082      	MOVWF      PCL
;__Lib_System.c,12 :: 		
L_end_____DoICP:
0x0009	0x0008      	RETURN
; end of _____DoICP
___CC2DW:
;__Lib_System.c,134 :: 		
;__Lib_System.c,137 :: 		
_CC2D_Loop1:
;__Lib_System.c,139 :: 		
0x000A	0x2003      	CALL       _____DoICP
0x000B	0x118A      	BCF        PCLATH, 3
0x000C	0x120A      	BCF        PCLATH, 4
;__Lib_System.c,141 :: 		
0x000D	0x0080      	MOVWF      INDF
;__Lib_System.c,142 :: 		
0x000E	0x0A84      	INCF       FSR, 1
;__Lib_System.c,143 :: 		
0x000F	0x0AA4      	INCF       ___DoICPAddr, 1
;__Lib_System.c,145 :: 		
0x0010	0x1903      	BTFSC      STATUS, 2
;__Lib_System.c,146 :: 		
0x0011	0x0AA5      	INCF       ___DoICPAddr+1, 1
;__Lib_System.c,147 :: 		
0x0012	0x03F0      	DECF       R0, 1
;__Lib_System.c,149 :: 		
0x0013	0x1D03      	BTFSS      STATUS, 2
;__Lib_System.c,150 :: 		
0x0014	0x280A      	GOTO       _CC2D_Loop1
;__Lib_System.c,152 :: 		
L_end___CC2DW:
0x0015	0x0008      	RETURN
; end of ___CC2DW
_minutos:
;PIC16F73_TemposLongos.c,61 :: 		void minutos(unsigned minut)
;PIC16F73_TemposLongos.c,64 :: 		for(cont = 0; cont < minut; cont++)
0x0016	0x1283      	BCF        STATUS, 5
0x0017	0x1303      	BCF        STATUS, 6
0x0018	0x01F1      	CLRF       R1
0x0019	0x01F2      	CLRF       R1+1
L_minutos4:
0x001A	0x0827      	MOVF       FARG_minutos_minut+1, 0
0x001B	0x0272      	SUBWF      R1+1, 0
0x001C	0x1D03      	BTFSS      STATUS, 2
0x001D	0x2820      	GOTO       L__minutos24
0x001E	0x0826      	MOVF       FARG_minutos_minut, 0
0x001F	0x0271      	SUBWF      R1, 0
L__minutos24:
0x0020	0x1803      	BTFSC      STATUS, 0
0x0021	0x282F      	GOTO       L_minutos5
;PIC16F73_TemposLongos.c,66 :: 		delay_ms(60000);
0x0022	0x3031      	MOVLW      49
0x0023	0x00FC      	MOVWF      R12
0x0024	0x30B2      	MOVLW      178
0x0025	0x00FD      	MOVWF      R13
L_minutos7:
0x0026	0x0BFD      	DECFSZ     R13, 1
0x0027	0x2826      	GOTO       L_minutos7
0x0028	0x0BFC      	DECFSZ     R12, 1
0x0029	0x2826      	GOTO       L_minutos7
0x002A	0x0000      	NOP
;PIC16F73_TemposLongos.c,64 :: 		for(cont = 0; cont < minut; cont++)
0x002B	0x0AF1      	INCF       R1, 1
0x002C	0x1903      	BTFSC      STATUS, 2
0x002D	0x0AF2      	INCF       R1+1, 1
;PIC16F73_TemposLongos.c,67 :: 		}
0x002E	0x281A      	GOTO       L_minutos4
L_minutos5:
;PIC16F73_TemposLongos.c,68 :: 		}
L_end_minutos:
0x002F	0x0008      	RETURN
; end of _minutos
_ini:
;PIC16F73_TemposLongos.c,70 :: 		void ini()
;PIC16F73_TemposLongos.c,73 :: 		for(cont = 0; cont < 10; cont++)
0x0030	0x1283      	BCF        STATUS, 5
0x0031	0x1303      	BCF        STATUS, 6
0x0032	0x01F1      	CLRF       R1
L_ini8:
0x0033	0x300A      	MOVLW      10
0x0034	0x0271      	SUBWF      R1, 0
0x0035	0x1803      	BTFSC      STATUS, 0
0x0036	0x2845      	GOTO       L_ini9
;PIC16F73_TemposLongos.c,75 :: 		LED = 1;
0x0037	0x1587      	BSF        RC3_bit, BitPos(RC3_bit+0)
;PIC16F73_TemposLongos.c,76 :: 		delay_ms(80);
0x0038	0x3010      	MOVLW      16
0x0039	0x00FD      	MOVWF      R13
L_ini11:
0x003A	0x0BFD      	DECFSZ     R13, 1
0x003B	0x283A      	GOTO       L_ini11
0x003C	0x0000      	NOP
;PIC16F73_TemposLongos.c,77 :: 		LED = 0;
0x003D	0x1187      	BCF        RC3_bit, BitPos(RC3_bit+0)
;PIC16F73_TemposLongos.c,78 :: 		delay_ms(300);
0x003E	0x303E      	MOVLW      62
0x003F	0x00FD      	MOVWF      R13
L_ini12:
0x0040	0x0BFD      	DECFSZ     R13, 1
0x0041	0x2840      	GOTO       L_ini12
0x0042	0x0000      	NOP
;PIC16F73_TemposLongos.c,73 :: 		for(cont = 0; cont < 10; cont++)
0x0043	0x0AF1      	INCF       R1, 1
;PIC16F73_TemposLongos.c,79 :: 		}
0x0044	0x2833      	GOTO       L_ini8
L_ini9:
;PIC16F73_TemposLongos.c,80 :: 		}
L_end_ini:
0x0045	0x0008      	RETURN
; end of _ini
_segundos:
;PIC16F73_TemposLongos.c,52 :: 		void segundos(unsigned seg)
;PIC16F73_TemposLongos.c,55 :: 		for(cont = 0; cont < seg; cont++)
0x0046	0x1283      	BCF        STATUS, 5
0x0047	0x1303      	BCF        STATUS, 6
0x0048	0x01F1      	CLRF       R1
0x0049	0x01F2      	CLRF       R1+1
L_segundos0:
0x004A	0x0827      	MOVF       FARG_segundos_seg+1, 0
0x004B	0x0272      	SUBWF      R1+1, 0
0x004C	0x1D03      	BTFSS      STATUS, 2
0x004D	0x2850      	GOTO       L__segundos22
0x004E	0x0826      	MOVF       FARG_segundos_seg, 0
0x004F	0x0271      	SUBWF      R1, 0
L__segundos22:
0x0050	0x1803      	BTFSC      STATUS, 0
0x0051	0x285A      	GOTO       L_segundos1
;PIC16F73_TemposLongos.c,57 :: 		delay_ms(1000);
0x0052	0x30D0      	MOVLW      208
0x0053	0x00FD      	MOVWF      R13
L_segundos3:
0x0054	0x0BFD      	DECFSZ     R13, 1
0x0055	0x2854      	GOTO       L_segundos3
;PIC16F73_TemposLongos.c,55 :: 		for(cont = 0; cont < seg; cont++)
0x0056	0x0AF1      	INCF       R1, 1
0x0057	0x1903      	BTFSC      STATUS, 2
0x0058	0x0AF2      	INCF       R1+1, 1
;PIC16F73_TemposLongos.c,58 :: 		}
0x0059	0x284A      	GOTO       L_segundos0
L_segundos1:
;PIC16F73_TemposLongos.c,59 :: 		}
L_end_segundos:
0x005A	0x0008      	RETURN
; end of _segundos
_main:
0x005B	0x3003      	MOVLW      3
0x005C	0x1283      	BCF        STATUS, 5
0x005D	0x1303      	BCF        STATUS, 6
0x005E	0x00A0      	MOVWF      _delay_s
0x005F	0x01A1      	CLRF       33
0x0060	0x3001      	MOVLW      1
0x0061	0x00A2      	MOVWF      _delay_m
0x0062	0x01A3      	CLRF       35
;PIC16F73_TemposLongos.c,84 :: 		void main()
;PIC16F73_TemposLongos.c,86 :: 		TRISA      = 0xFF;
0x0063	0x30FF      	MOVLW      255
0x0064	0x1683      	BSF        STATUS, 5
0x0065	0x0085      	MOVWF      TRISA
;PIC16F73_TemposLongos.c,87 :: 		TRISB      = 0b11111111;  // Todas PORT.B usadas como entrada
0x0066	0x30FF      	MOVLW      255
0x0067	0x0086      	MOVWF      TRISB
;PIC16F73_TemposLongos.c,89 :: 		TRISC      = 0b11100111;  // Usa PORTC.3 e PORTC.4 como saida
0x0068	0x30E7      	MOVLW      231
0x0069	0x0087      	MOVWF      TRISC
;PIC16F73_TemposLongos.c,90 :: 		OPTION_REG = 0x03;       //Resistores de pull-up internos habilitados
0x006A	0x3003      	MOVLW      3
0x006B	0x0081      	MOVWF      OPTION_REG
;PIC16F73_TemposLongos.c,92 :: 		ini();
0x006C	0x2030      	CALL       _ini
;PIC16F73_TemposLongos.c,93 :: 		delay_ms(1000);
0x006D	0x30D0      	MOVLW      208
0x006E	0x00FD      	MOVWF      R13
L_main13:
0x006F	0x0BFD      	DECFSZ     R13, 1
0x0070	0x286F      	GOTO       L_main13
;PIC16F73_TemposLongos.c,94 :: 		RELE = 0;
0x0071	0x1207      	BCF        RC4_bit, BitPos(RC4_bit+0)
;PIC16F73_TemposLongos.c,96 :: 		while(1)
L_main14:
;PIC16F73_TemposLongos.c,101 :: 		if(CH1 == 0)//CH1 foi ativada
0x0072	0x1A86      	BTFSC      RB5_bit, BitPos(RB5_bit+0)
0x0073	0x287C      	GOTO       L_main16
;PIC16F73_TemposLongos.c,103 :: 		delay_s = 5;
0x0074	0x3005      	MOVLW      5
0x0075	0x00A0      	MOVWF      _delay_s
0x0076	0x3000      	MOVLW      0
0x0077	0x00A1      	MOVWF      _delay_s+1
;PIC16F73_TemposLongos.c,104 :: 		delay_m = 1;
0x0078	0x3001      	MOVLW      1
0x0079	0x00A2      	MOVWF      _delay_m
0x007A	0x3000      	MOVLW      0
0x007B	0x00A3      	MOVWF      _delay_m+1
;PIC16F73_TemposLongos.c,105 :: 		}
L_main16:
;PIC16F73_TemposLongos.c,106 :: 		if(CH2 == 0)//CH1 foi ativada
0x007C	0x1A06      	BTFSC      RB4_bit, BitPos(RB4_bit+0)
0x007D	0x2886      	GOTO       L_main17
;PIC16F73_TemposLongos.c,108 :: 		delay_s = 60;
0x007E	0x303C      	MOVLW      60
0x007F	0x00A0      	MOVWF      _delay_s
0x0080	0x3000      	MOVLW      0
0x0081	0x00A1      	MOVWF      _delay_s+1
;PIC16F73_TemposLongos.c,109 :: 		delay_m = 5;
0x0082	0x3005      	MOVLW      5
0x0083	0x00A2      	MOVWF      _delay_m
0x0084	0x3000      	MOVLW      0
0x0085	0x00A3      	MOVWF      _delay_m+1
;PIC16F73_TemposLongos.c,110 :: 		}
L_main17:
;PIC16F73_TemposLongos.c,112 :: 		if(CH3 == 0)//CH1 foi ativada
0x0086	0x1906      	BTFSC      RB2_bit, BitPos(RB2_bit+0)
0x0087	0x2890      	GOTO       L_main18
;PIC16F73_TemposLongos.c,114 :: 		delay_s = 60;
0x0088	0x303C      	MOVLW      60
0x0089	0x00A0      	MOVWF      _delay_s
0x008A	0x3000      	MOVLW      0
0x008B	0x00A1      	MOVWF      _delay_s+1
;PIC16F73_TemposLongos.c,115 :: 		delay_m = 30;
0x008C	0x301E      	MOVLW      30
0x008D	0x00A2      	MOVWF      _delay_m
0x008E	0x3000      	MOVLW      0
0x008F	0x00A3      	MOVWF      _delay_m+1
;PIC16F73_TemposLongos.c,116 :: 		}
L_main18:
;PIC16F73_TemposLongos.c,117 :: 		if(CH4 == 0)//CH1 foi ativada
0x0090	0x1886      	BTFSC      RB1_bit, BitPos(RB1_bit+0)
0x0091	0x289A      	GOTO       L_main19
;PIC16F73_TemposLongos.c,119 :: 		delay_s = 60;
0x0092	0x303C      	MOVLW      60
0x0093	0x00A0      	MOVWF      _delay_s
0x0094	0x3000      	MOVLW      0
0x0095	0x00A1      	MOVWF      _delay_s+1
;PIC16F73_TemposLongos.c,120 :: 		delay_m = 60;
0x0096	0x303C      	MOVLW      60
0x0097	0x00A2      	MOVWF      _delay_m
0x0098	0x3000      	MOVLW      0
0x0099	0x00A3      	MOVWF      _delay_m+1
;PIC16F73_TemposLongos.c,121 :: 		}
L_main19:
;PIC16F73_TemposLongos.c,128 :: 		LED = 1;
0x009A	0x1587      	BSF        RC3_bit, BitPos(RC3_bit+0)
;PIC16F73_TemposLongos.c,129 :: 		RELE = 1;
0x009B	0x1607      	BSF        RC4_bit, BitPos(RC4_bit+0)
;PIC16F73_TemposLongos.c,130 :: 		segundos(delay_s);
0x009C	0x0820      	MOVF       _delay_s, 0
0x009D	0x00A6      	MOVWF      FARG_segundos_seg
0x009E	0x0821      	MOVF       _delay_s+1, 0
0x009F	0x00A7      	MOVWF      FARG_segundos_seg+1
0x00A0	0x2046      	CALL       _segundos
;PIC16F73_TemposLongos.c,131 :: 		LED = 0;
0x00A1	0x1187      	BCF        RC3_bit, BitPos(RC3_bit+0)
;PIC16F73_TemposLongos.c,132 :: 		RELE = 0;
0x00A2	0x1207      	BCF        RC4_bit, BitPos(RC4_bit+0)
;PIC16F73_TemposLongos.c,133 :: 		minutos(delay_m);
0x00A3	0x0822      	MOVF       _delay_m, 0
0x00A4	0x00A6      	MOVWF      FARG_minutos_minut
0x00A5	0x0823      	MOVF       _delay_m+1, 0
0x00A6	0x00A7      	MOVWF      FARG_minutos_minut+1
0x00A7	0x2016      	CALL       _minutos
;PIC16F73_TemposLongos.c,135 :: 		delay_ms(500);
0x00A8	0x3068      	MOVLW      104
0x00A9	0x00FD      	MOVWF      R13
L_main20:
0x00AA	0x0BFD      	DECFSZ     R13, 1
0x00AB	0x28AA      	GOTO       L_main20
;PIC16F73_TemposLongos.c,136 :: 		}
0x00AC	0x2872      	GOTO       L_main14
;PIC16F73_TemposLongos.c,137 :: 		}
L_end_main:
0x00AD	0x28AD      	GOTO       $+0
; end of _main
Symbol List:
//** Routines locations **
//ADDRESS    SIZE    PROCEDURE
//----------------------------------------------
0x0003       [7]    _____DoICP
0x000A      [12]    ___CC2DW
0x0016      [26]    _minutos
0x0030      [22]    _ini
0x0046      [21]    _segundos
0x005B      [83]    _main
//** Variables locations ** 
//ADDRESS    SIZE    VARIABLE
//----------------------------------------------
0x0000       [1]    INDF
0x0002       [1]    PCL
0x0003       [1]    STATUS
0x0004       [1]    FSR
0x0006       [0]    RB4_bit
0x0006       [0]    RB2_bit
0x0006       [0]    RB5_bit
0x0006       [0]    RB1_bit
0x0007       [0]    RC3_bit
0x0007       [0]    RC4_bit
0x000A       [1]    PCLATH
0x0020       [2]    _delay_s
0x0022       [2]    _delay_m
0x0024       [2]    ___DoICPAddr
0x0026       [2]    FARG_segundos_seg
0x0026       [2]    FARG_minutos_minut
0x0070       [1]    R0
0x0071       [1]    R1
0x0072       [1]    R2
0x0073       [1]    R3
0x0074       [1]    R4
0x0075       [1]    R5
0x0076       [1]    R6
0x0077       [1]    R7
0x0078       [1]    R8
0x0079       [1]    R9
0x007A       [1]    R10
0x007B       [1]    R11
0x007C       [1]    R12
0x007D       [1]    R13
0x007E       [1]    R14
0x007F       [1]    R15
0x0081       [1]    OPTION_REG
0x0085       [1]    TRISA
0x0086       [1]    TRISB
0x0087       [1]    TRISC
//** Label List: ** 
//----------------------------------------------
  L_segundos0
  L_segundos1
  L_segundos2
  L_segundos3
  L_minutos4
  L_minutos5
  L_minutos6
  L_minutos7
  L_ini8
  L_ini9
  L_ini10
  L_ini11
  L_ini12
  L_main13
  L_main14
  L_main15
  L_main16
  L_main17
  L_main18
  L_main19
  L_main20
  L_end_segundos
  _segundos
  L__segundos22
  L_end_minutos
  _minutos
  L__minutos24
  L_end_ini
  _ini
  L_end_main
  _main
  L_loopCA2AWs
  L_CA2AWend
  _CCA2AW_Loop1
  L_loopCS2Ss
  L_CS2Send
  _CCS2S_Loop1
  L_CCS2Send
  L_loopFZinSWs
  L_FZinSend
  _CC2D_Loop1
  L_end_____DoICP
  _____DoICP
  L_end_____DoIFC
  _____DoIFC
  L_end___CA2AW
  ___CA2AW
  L_end___CCA2AW
  ___CCA2AW
  L_end___CS2S
  ___CS2S
  L_end___CCS2S
  ___CCS2S
  L_end___FZinS
  ___FZinS
  L_end___CC2DW
  ___CC2DW
  L_end_Swap
  _Swap
